
								p gina: 1 

 Listado Fuente: Ej04P109.lst
 Programa Fuente en: Ej04P109.asm
 Fecha: Mon Jan 19 09:30:26 2009

 ÚDir.ÚCodigo maquina	 Linea¿	ÚCodigo en lenguaje ensamble

			      1	         ORG  1000H
 1000 C1		      2	   DATO  DB  193
 1001 04		      3	   ROTA  DB  4
			      4	;
			      5	          ORG  3000H
 3000 02 C0		      6	ROTARIZ:  ADD AL,AL
 3002 73 03		      7	          JNC SIGO
 3004 80 D0 00		      8	          ADC AL,0
 3007 FE C9		      9	  SIGO:   DEC CL
 3009 75 F5		     10	          JNZ ROTARIZ
 300B C3		     11	          RET
			     12	
			     13	          ORG  2000H
 2000 8A 06 00 10	     14	          MOV AL,DATO
 2004 8A 0E 01 10	     15	          MOV CL,ROTA
 2008 E8 00 30		     16	          CALL ROTARIZ
 200B F4		     17	          HLT
			     18	          END


 S I M B O L O S:

 Nombre:	Tipo:		Valor:

 DATO    	Byte		1000h
 ROTA    	Byte		1001h
 ROTARIZ 	Label		3000h
 SIGO    	Label		3007h